# JRE version: OpenJDK Runtime Environment (11.0.18+10) (build 11.0.18+10-post-Ubuntu-0ubuntu118.04.1)
# Java VM: OpenJDK 64-Bit Server VM (11.0.18+10-post-Ubuntu-0ubuntu118.04.1, mixed mode, sharing, tiered, compressed oops, g1 gc, linux-amd64)
Heap:
 garbage-first heap   total 101376K, used 18917K [0x0000000706e00000, 0x0000000800000000)
  region size 1024K, 6 young (6144K), 3 survivors (3072K)
 Metaspace       used 11614K, capacity 14131K, committed 14336K, reserved 1062912K
  class space    used 1142K, capacity 1485K, committed 1536K, reserved 1048576K
GC Heap History (20 events):
Event: 1.521 GC heap before
{Heap before GC invocations=20 (full 0):
 garbage-first heap   total 15360K, used 7907K [0x0000000706e00000, 0x0000000800000000)
  region size 1024K, 3 young (3072K), 1 survivors (1024K)
 Metaspace       used 8346K, capacity 11131K, committed 11264K, reserved 1058816K
  class space    used 943K, capacity 1248K, committed 1280K, reserved 1048576K
}
Event: 1.523 GC heap after
{Heap after GC invocations=21 (full 0):
 garbage-first heap   total 15360K, used 6157K [0x0000000706e00000, 0x0000000800000000)
  region size 1024K, 1 young (1024K), 1 survivors (1024K)
 Metaspace       used 8346K, capacity 11131K, committed 11264K, reserved 1058816K
  class space    used 943K, capacity 1248K, committed 1280K, reserved 1048576K
}
Event: 1.528 GC heap before
{Heap before GC invocations=21 (full 0):
 garbage-first heap   total 15360K, used 8205K [0x0000000706e00000, 0x0000000800000000)
  region size 1024K, 3 young (3072K), 1 survivors (1024K)
 Metaspace       used 8346K, capacity 11131K, committed 11264K, reserved 1058816K
  class space    used 943K, capacity 1248K, committed 1280K, reserved 1048576K
}
Event: 1.530 GC heap after
{Heap after GC invocations=22 (full 0):
 garbage-first heap   total 28672K, used 6376K [0x0000000706e00000, 0x0000000800000000)
  region size 1024K, 1 young (1024K), 1 survivors (1024K)
 Metaspace       used 8346K, capacity 11131K, committed 11264K, reserved 1058816K
  class space    used 943K, capacity 1248K, committed 1280K, reserved 1048576K
}
Event: 1.633 GC heap before
{Heap before GC invocations=23 (full 0):
 garbage-first heap   total 28672K, used 12520K [0x0000000706e00000, 0x0000000800000000)
  region size 1024K, 8 young (8192K), 1 survivors (1024K)
 Metaspace       used 8677K, capacity 11462K, committed 11648K, reserved 1058816K
  class space    used 967K, capacity 1292K, committed 1408K, reserved 1048576K
}
Event: 1.636 GC heap after
{Heap after GC invocations=24 (full 0):
 garbage-first heap   total 28672K, used 7831K [0x0000000706e00000, 0x0000000800000000)
  region size 1024K, 1 young (1024K), 1 survivors (1024K)
 Metaspace       used 8677K, capacity 11462K, committed 11648K, reserved 1058816K
  class space    used 967K, capacity 1292K, committed 1408K, reserved 1048576K
}
Event: 1.708 GC heap before
{Heap before GC invocations=24 (full 0):
 garbage-first heap   total 28672K, used 14999K [0x0000000706e00000, 0x0000000800000000)
  region size 1024K, 8 young (8192K), 1 survivors (1024K)
 Metaspace       used 8893K, capacity 11618K, committed 11904K, reserved 1060864K
  class space    used 971K, capacity 1297K, committed 1408K, reserved 1048576K
}
Event: 1.713 GC heap after
{Heap after GC invocations=25 (full 0):
 garbage-first heap   total 28672K, used 9861K [0x0000000706e00000, 0x0000000800000000)
  region size 1024K, 1 young (1024K), 1 survivors (1024K)
 Metaspace       used 8893K, capacity 11618K, committed 11904K, reserved 1060864K
  class space    used 971K, capacity 1297K, committed 1408K, reserved 1048576K
}
Event: 1.767 GC heap before
{Heap before GC invocations=25 (full 0):
 garbage-first heap   total 28672K, used 16005K [0x0000000706e00000, 0x0000000800000000)
  region size 1024K, 7 young (7168K), 1 survivors (1024K)
 Metaspace       used 8939K, capacity 11683K, committed 11904K, reserved 1060864K
  class space    used 971K, capacity 1297K, committed 1408K, reserved 1048576K
}
Event: 1.772 GC heap after
{Heap after GC invocations=26 (full 0):
 garbage-first heap   total 28672K, used 11409K [0x0000000706e00000, 0x0000000800000000)
  region size 1024K, 1 young (1024K), 1 survivors (1024K)
 Metaspace       used 8939K, capacity 11683K, committed 11904K, reserved 1060864K
  class space    used 971K, capacity 1297K, committed 1408K, reserved 1048576K
}
Event: 1.927 GC heap before
{Heap before GC invocations=26 (full 0):
 garbage-first heap   total 28672K, used 17553K [0x0000000706e00000, 0x0000000800000000)
  region size 1024K, 7 young (7168K), 1 survivors (1024K)
 Metaspace       used 9663K, capacity 12359K, committed 12416K, reserved 1060864K
  class space    used 1044K, capacity 1393K, committed 1408K, reserved 1048576K
}
Event: 1.930 GC heap after
{Heap after GC invocations=27 (full 0):
 garbage-first heap   total 57344K, used 12547K [0x0000000706e00000, 0x0000000800000000)
  region size 1024K, 1 young (1024K), 1 survivors (1024K)
 Metaspace       used 9663K, capacity 12359K, committed 12416K, reserved 1060864K
  class space    used 1044K, capacity 1393K, committed 1408K, reserved 1048576K
}
Event: 2.260 GC heap before
{Heap before GC invocations=27 (full 0):
 garbage-first heap   total 57344K, used 25859K [0x0000000706e00000, 0x0000000800000000)
  region size 1024K, 14 young (14336K), 1 survivors (1024K)
 Metaspace       used 10921K, capacity 13573K, committed 13824K, reserved 1060864K
  class space    used 1101K, capacity 1430K, committed 1536K, reserved 1048576K
}
Event: 2.267 GC heap after
{Heap after GC invocations=28 (full 0):
 garbage-first heap   total 57344K, used 13436K [0x0000000706e00000, 0x0000000800000000)
  region size 1024K, 2 young (2048K), 2 survivors (2048K)
 Metaspace       used 10921K, capacity 13573K, committed 13824K, reserved 1060864K
  class space    used 1101K, capacity 1430K, committed 1536K, reserved 1048576K
}
Event: 2.586 GC heap before
{Heap before GC invocations=28 (full 0):
 garbage-first heap   total 57344K, used 29820K [0x0000000706e00000, 0x0000000800000000)
  region size 1024K, 18 young (18432K), 2 survivors (2048K)
 Metaspace       used 11284K, capacity 13840K, committed 14080K, reserved 1062912K
  class space    used 1129K, capacity 1477K, committed 1536K, reserved 1048576K
}
Event: 2.593 GC heap after
{Heap after GC invocations=29 (full 0):
 garbage-first heap   total 57344K, used 14168K [0x0000000706e00000, 0x0000000800000000)
  region size 1024K, 2 young (2048K), 2 survivors (2048K)
 Metaspace       used 11284K, capacity 13840K, committed 14080K, reserved 1062912K
  class space    used 1129K, capacity 1477K, committed 1536K, reserved 1048576K
}
Event: 2.794 GC heap before
{Heap before GC invocations=29 (full 0):
 garbage-first heap   total 57344K, used 32600K [0x0000000706e00000, 0x0000000800000000)
  region size 1024K, 20 young (20480K), 2 survivors (2048K)
 Metaspace       used 11395K, capacity 13976K, committed 14336K, reserved 1062912K
  class space    used 1131K, capacity 1478K, committed 1536K, reserved 1048576K
}
Event: 2.802 GC heap after
{Heap after GC invocations=30 (full 0):
 garbage-first heap   total 57344K, used 14857K [0x0000000706e00000, 0x0000000800000000)
  region size 1024K, 3 young (3072K), 3 survivors (3072K)
 Metaspace       used 11395K, capacity 13976K, committed 14336K, reserved 1062912K
  class space    used 1131K, capacity 1478K, committed 1536K, reserved 1048576K
}
Event: 3.053 GC heap before
{Heap before GC invocations=30 (full 0):
 garbage-first heap   total 57344K, used 34313K [0x0000000706e00000, 0x0000000800000000)
  region size 1024K, 22 young (22528K), 3 survivors (3072K)
 Metaspace       used 11592K, capacity 14131K, committed 14336K, reserved 1062912K
  class space    used 1141K, capacity 1485K, committed 1536K, reserved 1048576K
}
Event: 3.067 GC heap after
{Heap after GC invocations=31 (full 0):
 garbage-first heap   total 101376K, used 15845K [0x0000000706e00000, 0x0000000800000000)
  region size 1024K, 3 young (3072K), 3 survivors (3072K)
 Metaspace       used 11592K, capacity 14131K, committed 14336K, reserved 1062912K
  class space    used 1141K, capacity 1485K, committed 1536K, reserved 1048576K
}

